{"C:\\Users\\Public\\Workspace\\clone\\Quest-Final\\Jest-test\\src\\sum.js": {"path":"C:\\Users\\Public\\Workspace\\clone\\Quest-Final\\Jest-test\\src\\sum.js","statementMap":{"0":{"start":{"line":3,"column":1},"end":{"line":3,"column":14}},"1":{"start":{"line":6,"column":0},"end":{"line":6,"column":21}}},"fnMap":{"0":{"name":"sum","decl":{"start":{"line":2,"column":9},"end":{"line":2,"column":12}},"loc":{"start":{"line":2,"column":19},"end":{"line":4,"column":1}},"line":2}},"branchMap":{},"s":{"0":1,"1":1},"f":{"0":1},"b":{},"_coverageSchema":"1a1c01bbd47fc00a2c39e90264f33305004495a9","hash":"5078588794783bb6f466ce97355dbff190de3900"}
,"C:\\Users\\Public\\Workspace\\clone\\Quest-Final\\Jest-test\\src\\utils\\api.js": {"path":"C:\\Users\\Public\\Workspace\\clone\\Quest-Final\\Jest-test\\src\\utils\\api.js","statementMap":{"0":{"start":{"line":11,"column":18},"end":{"line":13,"column":3}},"1":{"start":{"line":15,"column":2},"end":{"line":17,"column":3}},"2":{"start":{"line":16,"column":4},"end":{"line":16,"column":49}},"3":{"start":{"line":19,"column":2},"end":{"line":19,"column":17}},"4":{"start":{"line":28,"column":2},"end":{"line":28,"column":41}},"5":{"start":{"line":28,"column":14},"end":{"line":28,"column":41}},"6":{"start":{"line":31,"column":2},"end":{"line":55,"column":3}},"7":{"start":{"line":32,"column":29},"end":{"line":32,"column":43}},"8":{"start":{"line":35,"column":4},"end":{"line":54,"column":5}},"9":{"start":{"line":37,"column":8},"end":{"line":37,"column":50}},"10":{"start":{"line":39,"column":8},"end":{"line":39,"column":55}},"11":{"start":{"line":41,"column":8},"end":{"line":41,"column":31}},"12":{"start":{"line":43,"column":8},"end":{"line":43,"column":40}},"13":{"start":{"line":45,"column":8},"end":{"line":45,"column":52}},"14":{"start":{"line":47,"column":8},"end":{"line":47,"column":50}},"15":{"start":{"line":49,"column":8},"end":{"line":49,"column":42}},"16":{"start":{"line":51,"column":8},"end":{"line":51,"column":39}},"17":{"start":{"line":53,"column":8},"end":{"line":53,"column":49}},"18":{"start":{"line":58,"column":2},"end":{"line":60,"column":3}},"19":{"start":{"line":59,"column":4},"end":{"line":59,"column":53}},"20":{"start":{"line":63,"column":2},"end":{"line":63,"column":46}},"21":{"start":{"line":72,"column":2},"end":{"line":74,"column":3}},"22":{"start":{"line":73,"column":4},"end":{"line":73,"column":17}},"23":{"start":{"line":76,"column":2},"end":{"line":76,"column":47}},"24":{"start":{"line":85,"column":36},"end":{"line":85,"column":44}},"25":{"start":{"line":87,"column":2},"end":{"line":91,"column":4}},"26":{"start":{"line":100,"column":30},"end":{"line":100,"column":41}},"27":{"start":{"line":102,"column":2},"end":{"line":105,"column":4}},"28":{"start":{"line":114,"column":2},"end":{"line":116,"column":3}},"29":{"start":{"line":115,"column":4},"end":{"line":115,"column":16}},"30":{"start":{"line":118,"column":19},"end":{"line":118,"column":27}},"31":{"start":{"line":119,"column":2},"end":{"line":121,"column":3}},"32":{"start":{"line":120,"column":4},"end":{"line":120,"column":16}},"33":{"start":{"line":123,"column":2},"end":{"line":126,"column":4}},"34":{"start":{"line":135,"column":2},"end":{"line":137,"column":3}},"35":{"start":{"line":136,"column":4},"end":{"line":136,"column":17}},"36":{"start":{"line":139,"column":2},"end":{"line":160,"column":3}},"37":{"start":{"line":141,"column":18},"end":{"line":141,"column":34}},"38":{"start":{"line":142,"column":4},"end":{"line":144,"column":5}},"39":{"start":{"line":143,"column":6},"end":{"line":143,"column":19}},"40":{"start":{"line":147,"column":20},"end":{"line":147,"column":46}},"41":{"start":{"line":150,"column":4},"end":{"line":152,"column":5}},"42":{"start":{"line":151,"column":6},"end":{"line":151,"column":19}},"43":{"start":{"line":154,"column":16},"end":{"line":154,"column":45}},"44":{"start":{"line":157,"column":4},"end":{"line":157,"column":29}},"45":{"start":{"line":159,"column":4},"end":{"line":159,"column":17}},"46":{"start":{"line":170,"column":2},"end":{"line":209,"column":5}},"47":{"start":{"line":172,"column":4},"end":{"line":208,"column":12}},"48":{"start":{"line":173,"column":6},"end":{"line":207,"column":7}},"49":{"start":{"line":174,"column":36},"end":{"line":174,"column":55}},"50":{"start":{"line":176,"column":8},"end":{"line":191,"column":9}},"51":{"start":{"line":177,"column":10},"end":{"line":183,"column":13}},"52":{"start":{"line":185,"column":10},"end":{"line":190,"column":13}},"53":{"start":{"line":192,"column":13},"end":{"line":207,"column":7}},"54":{"start":{"line":193,"column":8},"end":{"line":199,"column":11}},"55":{"start":{"line":201,"column":8},"end":{"line":206,"column":11}},"56":{"start":{"line":212,"column":0},"end":{"line":221,"column":2}}},"fnMap":{"0":{"name":"createAuthHeaders","decl":{"start":{"line":10,"column":9},"end":{"line":10,"column":26}},"loc":{"start":{"line":10,"column":34},"end":{"line":20,"column":1}},"line":10},"1":{"name":"formatApiError","decl":{"start":{"line":27,"column":9},"end":{"line":27,"column":23}},"loc":{"start":{"line":27,"column":31},"end":{"line":64,"column":1}},"line":27},"2":{"name":"isValidApiResponse","decl":{"start":{"line":71,"column":9},"end":{"line":71,"column":27}},"loc":{"start":{"line":71,"column":38},"end":{"line":77,"column":1}},"line":71},"3":{"name":"createRegisterPayload","decl":{"start":{"line":84,"column":9},"end":{"line":84,"column":30}},"loc":{"start":{"line":84,"column":41},"end":{"line":92,"column":1}},"line":84},"4":{"name":"createLoginPayload","decl":{"start":{"line":99,"column":9},"end":{"line":99,"column":27}},"loc":{"start":{"line":99,"column":41},"end":{"line":106,"column":1}},"line":99},"5":{"name":"extractUserData","decl":{"start":{"line":113,"column":9},"end":{"line":113,"column":24}},"loc":{"start":{"line":113,"column":35},"end":{"line":127,"column":1}},"line":113},"6":{"name":"isValidToken","decl":{"start":{"line":134,"column":9},"end":{"line":134,"column":21}},"loc":{"start":{"line":134,"column":29},"end":{"line":161,"column":1}},"line":134},"7":{"name":"mockApiCall","decl":{"start":{"line":169,"column":9},"end":{"line":169,"column":20}},"loc":{"start":{"line":169,"column":45},"end":{"line":210,"column":1}},"line":169},"8":{"name":"(anonymous_8)","decl":{"start":{"line":170,"column":21},"end":{"line":170,"column":22}},"loc":{"start":{"line":170,"column":42},"end":{"line":209,"column":3}},"line":170},"9":{"name":"(anonymous_9)","decl":{"start":{"line":172,"column":15},"end":{"line":172,"column":16}},"loc":{"start":{"line":172,"column":21},"end":{"line":208,"column":5}},"line":172}},"branchMap":{"0":{"loc":{"start":{"line":15,"column":2},"end":{"line":17,"column":3}},"type":"if","locations":[{"start":{"line":15,"column":2},"end":{"line":17,"column":3}},{"start":{},"end":{}}],"line":15},"1":{"loc":{"start":{"line":28,"column":2},"end":{"line":28,"column":41}},"type":"if","locations":[{"start":{"line":28,"column":2},"end":{"line":28,"column":41}},{"start":{},"end":{}}],"line":28},"2":{"loc":{"start":{"line":31,"column":2},"end":{"line":55,"column":3}},"type":"if","locations":[{"start":{"line":31,"column":2},"end":{"line":55,"column":3}},{"start":{},"end":{}}],"line":31},"3":{"loc":{"start":{"line":35,"column":4},"end":{"line":54,"column":5}},"type":"switch","locations":[{"start":{"line":36,"column":6},"end":{"line":37,"column":50}},{"start":{"line":38,"column":6},"end":{"line":39,"column":55}},{"start":{"line":40,"column":6},"end":{"line":41,"column":31}},{"start":{"line":42,"column":6},"end":{"line":43,"column":40}},{"start":{"line":44,"column":6},"end":{"line":45,"column":52}},{"start":{"line":46,"column":6},"end":{"line":47,"column":50}},{"start":{"line":48,"column":6},"end":{"line":49,"column":42}},{"start":{"line":50,"column":6},"end":{"line":51,"column":39}},{"start":{"line":52,"column":6},"end":{"line":53,"column":49}}],"line":35},"4":{"loc":{"start":{"line":37,"column":15},"end":{"line":37,"column":49}},"type":"binary-expr","locations":[{"start":{"line":37,"column":15},"end":{"line":37,"column":28}},{"start":{"line":37,"column":32},"end":{"line":37,"column":49}}],"line":37},"5":{"loc":{"start":{"line":45,"column":15},"end":{"line":45,"column":51}},"type":"binary-expr","locations":[{"start":{"line":45,"column":15},"end":{"line":45,"column":28}},{"start":{"line":45,"column":32},"end":{"line":45,"column":51}}],"line":45},"6":{"loc":{"start":{"line":47,"column":15},"end":{"line":47,"column":49}},"type":"binary-expr","locations":[{"start":{"line":47,"column":15},"end":{"line":47,"column":28}},{"start":{"line":47,"column":32},"end":{"line":47,"column":49}}],"line":47},"7":{"loc":{"start":{"line":53,"column":15},"end":{"line":53,"column":48}},"type":"binary-expr","locations":[{"start":{"line":53,"column":15},"end":{"line":53,"column":28}},{"start":{"line":53,"column":32},"end":{"line":53,"column":48}}],"line":53},"8":{"loc":{"start":{"line":58,"column":2},"end":{"line":60,"column":3}},"type":"if","locations":[{"start":{"line":58,"column":2},"end":{"line":60,"column":3}},{"start":{},"end":{}}],"line":58},"9":{"loc":{"start":{"line":58,"column":6},"end":{"line":58,"column":79}},"type":"binary-expr","locations":[{"start":{"line":58,"column":6},"end":{"line":58,"column":35}},{"start":{"line":58,"column":39},"end":{"line":58,"column":79}}],"line":58},"10":{"loc":{"start":{"line":63,"column":9},"end":{"line":63,"column":45}},"type":"binary-expr","locations":[{"start":{"line":63,"column":9},"end":{"line":63,"column":22}},{"start":{"line":63,"column":26},"end":{"line":63,"column":45}}],"line":63},"11":{"loc":{"start":{"line":72,"column":2},"end":{"line":74,"column":3}},"type":"if","locations":[{"start":{"line":72,"column":2},"end":{"line":74,"column":3}},{"start":{},"end":{}}],"line":72},"12":{"loc":{"start":{"line":72,"column":6},"end":{"line":72,"column":47}},"type":"binary-expr","locations":[{"start":{"line":72,"column":6},"end":{"line":72,"column":15}},{"start":{"line":72,"column":19},"end":{"line":72,"column":47}}],"line":72},"13":{"loc":{"start":{"line":114,"column":2},"end":{"line":116,"column":3}},"type":"if","locations":[{"start":{"line":114,"column":2},"end":{"line":116,"column":3}},{"start":{},"end":{}}],"line":114},"14":{"loc":{"start":{"line":114,"column":6},"end":{"line":114,"column":56}},"type":"binary-expr","locations":[{"start":{"line":114,"column":6},"end":{"line":114,"column":35}},{"start":{"line":114,"column":39},"end":{"line":114,"column":56}}],"line":114},"15":{"loc":{"start":{"line":119,"column":2},"end":{"line":121,"column":3}},"type":"if","locations":[{"start":{"line":119,"column":2},"end":{"line":121,"column":3}},{"start":{},"end":{}}],"line":119},"16":{"loc":{"start":{"line":119,"column":6},"end":{"line":119,"column":40}},"type":"binary-expr","locations":[{"start":{"line":119,"column":6},"end":{"line":119,"column":11}},{"start":{"line":119,"column":15},"end":{"line":119,"column":25}},{"start":{"line":119,"column":29},"end":{"line":119,"column":40}}],"line":119},"17":{"loc":{"start":{"line":135,"column":2},"end":{"line":137,"column":3}},"type":"if","locations":[{"start":{"line":135,"column":2},"end":{"line":137,"column":3}},{"start":{},"end":{}}],"line":135},"18":{"loc":{"start":{"line":135,"column":6},"end":{"line":135,"column":41}},"type":"binary-expr","locations":[{"start":{"line":135,"column":6},"end":{"line":135,"column":12}},{"start":{"line":135,"column":16},"end":{"line":135,"column":41}}],"line":135},"19":{"loc":{"start":{"line":142,"column":4},"end":{"line":144,"column":5}},"type":"if","locations":[{"start":{"line":142,"column":4},"end":{"line":144,"column":5}},{"start":{},"end":{}}],"line":142},"20":{"loc":{"start":{"line":150,"column":4},"end":{"line":152,"column":5}},"type":"if","locations":[{"start":{"line":150,"column":4},"end":{"line":152,"column":5}},{"start":{},"end":{}}],"line":150},"21":{"loc":{"start":{"line":169,"column":31},"end":{"line":169,"column":43}},"type":"default-arg","locations":[{"start":{"line":169,"column":41},"end":{"line":169,"column":43}}],"line":169},"22":{"loc":{"start":{"line":173,"column":6},"end":{"line":207,"column":7}},"type":"if","locations":[{"start":{"line":173,"column":6},"end":{"line":207,"column":7}},{"start":{"line":192,"column":13},"end":{"line":207,"column":7}}],"line":173},"23":{"loc":{"start":{"line":173,"column":10},"end":{"line":173,"column":59}},"type":"binary-expr","locations":[{"start":{"line":173,"column":10},"end":{"line":173,"column":36}},{"start":{"line":173,"column":40},"end":{"line":173,"column":59}}],"line":173},"24":{"loc":{"start":{"line":176,"column":8},"end":{"line":191,"column":9}},"type":"if","locations":[{"start":{"line":176,"column":8},"end":{"line":191,"column":9}},{"start":{"line":184,"column":15},"end":{"line":191,"column":9}}],"line":176},"25":{"loc":{"start":{"line":176,"column":12},"end":{"line":176,"column":67}},"type":"binary-expr","locations":[{"start":{"line":176,"column":12},"end":{"line":176,"column":37}},{"start":{"line":176,"column":41},"end":{"line":176,"column":67}}],"line":176},"26":{"loc":{"start":{"line":192,"column":13},"end":{"line":207,"column":7}},"type":"if","locations":[{"start":{"line":192,"column":13},"end":{"line":207,"column":7}},{"start":{"line":200,"column":13},"end":{"line":207,"column":7}}],"line":192}},"s":{"0":4,"1":4,"2":1,"3":4,"4":9,"5":2,"6":7,"7":5,"8":5,"9":1,"10":1,"11":0,"12":1,"13":1,"14":0,"15":1,"16":0,"17":0,"18":2,"19":1,"20":1,"21":17,"22":6,"23":11,"24":3,"25":3,"26":2,"27":2,"28":7,"29":3,"30":4,"31":4,"32":3,"33":1,"34":13,"35":4,"36":9,"37":9,"38":9,"39":3,"40":6,"41":3,"42":1,"43":2,"44":2,"45":3,"46":5,"47":5,"48":5,"49":2,"50":2,"51":1,"52":1,"53":3,"54":2,"55":1,"56":1},"f":{"0":4,"1":9,"2":17,"3":3,"4":2,"5":7,"6":13,"7":5,"8":5,"9":5},"b":{"0":[1,3],"1":[2,7],"2":[5,2],"3":[1,1,0,1,1,0,1,0,0],"4":[1,0],"5":[1,0],"6":[0,0],"7":[0,0],"8":[1,1],"9":[2,1],"10":[1,0],"11":[6,11],"12":[17,13],"13":[3,4],"14":[7,5],"15":[3,1],"16":[4,4,2],"17":[4,9],"18":[13,10],"19":[3,6],"20":[1,2],"21":[3],"22":[2,3],"23":[5,2],"24":[1,1],"25":[2,1],"26":[2,1]},"_coverageSchema":"1a1c01bbd47fc00a2c39e90264f33305004495a9","hash":"70121ff42b298e923865c632e9370269b2207743"}
,"C:\\Users\\Public\\Workspace\\clone\\Quest-Final\\Jest-test\\src\\utils\\formatting.js": {"path":"C:\\Users\\Public\\Workspace\\clone\\Quest-Final\\Jest-test\\src\\utils\\formatting.js","statementMap":{"0":{"start":{"line":12,"column":2},"end":{"line":14,"column":3}},"1":{"start":{"line":13,"column":4},"end":{"line":13,"column":43}},"2":{"start":{"line":16,"column":20},"end":{"line":16,"column":54}},"3":{"start":{"line":17,"column":2},"end":{"line":17,"column":52}},"4":{"start":{"line":27,"column":2},"end":{"line":29,"column":3}},"5":{"start":{"line":28,"column":4},"end":{"line":28,"column":13}},"6":{"start":{"line":31,"column":2},"end":{"line":31,"column":37}},"7":{"start":{"line":40,"column":2},"end":{"line":40,"column":42}},"8":{"start":{"line":40,"column":19},"end":{"line":40,"column":42}},"9":{"start":{"line":42,"column":2},"end":{"line":58,"column":3}},"10":{"start":{"line":43,"column":17},"end":{"line":43,"column":37}},"11":{"start":{"line":44,"column":4},"end":{"line":46,"column":5}},"12":{"start":{"line":45,"column":6},"end":{"line":45,"column":29}},"13":{"start":{"line":48,"column":20},"end":{"line":53,"column":5}},"14":{"start":{"line":55,"column":4},"end":{"line":55,"column":53}},"15":{"start":{"line":57,"column":4},"end":{"line":57,"column":27}},"16":{"start":{"line":67,"column":2},"end":{"line":67,"column":45}},"17":{"start":{"line":67,"column":19},"end":{"line":67,"column":45}},"18":{"start":{"line":69,"column":2},"end":{"line":84,"column":3}},"19":{"start":{"line":70,"column":17},"end":{"line":70,"column":37}},"20":{"start":{"line":71,"column":4},"end":{"line":73,"column":5}},"21":{"start":{"line":72,"column":6},"end":{"line":72,"column":32}},"22":{"start":{"line":75,"column":20},"end":{"line":79,"column":5}},"23":{"start":{"line":81,"column":4},"end":{"line":81,"column":53}},"24":{"start":{"line":83,"column":4},"end":{"line":83,"column":30}},"25":{"start":{"line":93,"column":2},"end":{"line":95,"column":3}},"26":{"start":{"line":94,"column":4},"end":{"line":94,"column":28}},"27":{"start":{"line":97,"column":2},"end":{"line":104,"column":16}},"28":{"start":{"line":99,"column":6},"end":{"line":101,"column":7}},"29":{"start":{"line":100,"column":8},"end":{"line":100,"column":43}},"30":{"start":{"line":102,"column":6},"end":{"line":102,"column":29}},"31":{"start":{"line":114,"column":2},"end":{"line":116,"column":3}},"32":{"start":{"line":115,"column":4},"end":{"line":115,"column":14}},"33":{"start":{"line":118,"column":2},"end":{"line":121,"column":29}},"34":{"start":{"line":124,"column":0},"end":{"line":131,"column":2}}},"fnMap":{"0":{"name":"formatPrice","decl":{"start":{"line":11,"column":9},"end":{"line":11,"column":20}},"loc":{"start":{"line":11,"column":47},"end":{"line":18,"column":1}},"line":11},"1":{"name":"calculateTotal","decl":{"start":{"line":26,"column":9},"end":{"line":26,"column":23}},"loc":{"start":{"line":26,"column":54},"end":{"line":32,"column":1}},"line":26},"2":{"name":"formatDate","decl":{"start":{"line":39,"column":9},"end":{"line":39,"column":19}},"loc":{"start":{"line":39,"column":32},"end":{"line":59,"column":1}},"line":39},"3":{"name":"formatTime","decl":{"start":{"line":66,"column":9},"end":{"line":66,"column":19}},"loc":{"start":{"line":66,"column":32},"end":{"line":85,"column":1}},"line":66},"4":{"name":"formatSeats","decl":{"start":{"line":92,"column":9},"end":{"line":92,"column":20}},"loc":{"start":{"line":92,"column":28},"end":{"line":105,"column":1}},"line":92},"5":{"name":"(anonymous_5)","decl":{"start":{"line":98,"column":9},"end":{"line":98,"column":10}},"loc":{"start":{"line":98,"column":17},"end":{"line":103,"column":5}},"line":98},"6":{"name":"sanitizeText","decl":{"start":{"line":113,"column":9},"end":{"line":113,"column":21}},"loc":{"start":{"line":113,"column":45},"end":{"line":122,"column":1}},"line":113}},"branchMap":{"0":{"loc":{"start":{"line":11,"column":28},"end":{"line":11,"column":45}},"type":"default-arg","locations":[{"start":{"line":11,"column":41},"end":{"line":11,"column":45}}],"line":11},"1":{"loc":{"start":{"line":12,"column":2},"end":{"line":14,"column":3}},"type":"if","locations":[{"start":{"line":12,"column":2},"end":{"line":14,"column":3}},{"start":{},"end":{}}],"line":12},"2":{"loc":{"start":{"line":12,"column":6},"end":{"line":12,"column":47}},"type":"binary-expr","locations":[{"start":{"line":12,"column":6},"end":{"line":12,"column":31}},{"start":{"line":12,"column":35},"end":{"line":12,"column":47}}],"line":12},"3":{"loc":{"start":{"line":13,"column":11},"end":{"line":13,"column":42}},"type":"cond-expr","locations":[{"start":{"line":13,"column":24},"end":{"line":13,"column":33}},{"start":{"line":13,"column":36},"end":{"line":13,"column":42}}],"line":13},"4":{"loc":{"start":{"line":17,"column":9},"end":{"line":17,"column":51}},"type":"cond-expr","locations":[{"start":{"line":17,"column":22},"end":{"line":17,"column":39}},{"start":{"line":17,"column":42},"end":{"line":17,"column":51}}],"line":17},"5":{"loc":{"start":{"line":26,"column":24},"end":{"line":26,"column":34}},"type":"default-arg","locations":[{"start":{"line":26,"column":32},"end":{"line":26,"column":34}}],"line":26},"6":{"loc":{"start":{"line":26,"column":36},"end":{"line":26,"column":52}},"type":"default-arg","locations":[{"start":{"line":26,"column":51},"end":{"line":26,"column":52}}],"line":26},"7":{"loc":{"start":{"line":27,"column":2},"end":{"line":29,"column":3}},"type":"if","locations":[{"start":{"line":27,"column":2},"end":{"line":29,"column":3}},{"start":{},"end":{}}],"line":27},"8":{"loc":{"start":{"line":27,"column":6},"end":{"line":27,"column":63}},"type":"binary-expr","locations":[{"start":{"line":27,"column":6},"end":{"line":27,"column":27}},{"start":{"line":27,"column":31},"end":{"line":27,"column":63}}],"line":27},"9":{"loc":{"start":{"line":40,"column":2},"end":{"line":40,"column":42}},"type":"if","locations":[{"start":{"line":40,"column":2},"end":{"line":40,"column":42}},{"start":{},"end":{}}],"line":40},"10":{"loc":{"start":{"line":44,"column":4},"end":{"line":46,"column":5}},"type":"if","locations":[{"start":{"line":44,"column":4},"end":{"line":46,"column":5}},{"start":{},"end":{}}],"line":44},"11":{"loc":{"start":{"line":67,"column":2},"end":{"line":67,"column":45}},"type":"if","locations":[{"start":{"line":67,"column":2},"end":{"line":67,"column":45}},{"start":{},"end":{}}],"line":67},"12":{"loc":{"start":{"line":71,"column":4},"end":{"line":73,"column":5}},"type":"if","locations":[{"start":{"line":71,"column":4},"end":{"line":73,"column":5}},{"start":{},"end":{}}],"line":71},"13":{"loc":{"start":{"line":93,"column":2},"end":{"line":95,"column":3}},"type":"if","locations":[{"start":{"line":93,"column":2},"end":{"line":95,"column":3}},{"start":{},"end":{}}],"line":93},"14":{"loc":{"start":{"line":93,"column":6},"end":{"line":93,"column":49}},"type":"binary-expr","locations":[{"start":{"line":93,"column":6},"end":{"line":93,"column":27}},{"start":{"line":93,"column":31},"end":{"line":93,"column":49}}],"line":93},"15":{"loc":{"start":{"line":99,"column":6},"end":{"line":101,"column":7}},"type":"if","locations":[{"start":{"line":99,"column":6},"end":{"line":101,"column":7}},{"start":{},"end":{}}],"line":99},"16":{"loc":{"start":{"line":99,"column":10},"end":{"line":99,"column":33}},"type":"binary-expr","locations":[{"start":{"line":99,"column":10},"end":{"line":99,"column":18}},{"start":{"line":99,"column":22},"end":{"line":99,"column":33}}],"line":99},"17":{"loc":{"start":{"line":113,"column":28},"end":{"line":113,"column":43}},"type":"default-arg","locations":[{"start":{"line":113,"column":40},"end":{"line":113,"column":43}}],"line":113},"18":{"loc":{"start":{"line":114,"column":2},"end":{"line":116,"column":3}},"type":"if","locations":[{"start":{"line":114,"column":2},"end":{"line":116,"column":3}},{"start":{},"end":{}}],"line":114},"19":{"loc":{"start":{"line":114,"column":6},"end":{"line":114,"column":39}},"type":"binary-expr","locations":[{"start":{"line":114,"column":6},"end":{"line":114,"column":11}},{"start":{"line":114,"column":15},"end":{"line":114,"column":39}}],"line":114}},"s":{"0":11,"1":4,"2":7,"3":7,"4":8,"5":3,"6":5,"7":7,"8":3,"9":4,"10":4,"11":4,"12":2,"13":2,"14":2,"15":0,"16":6,"17":3,"18":3,"19":3,"20":3,"21":1,"22":2,"23":2,"24":0,"25":7,"26":4,"27":3,"28":9,"29":5,"30":4,"31":13,"32":4,"33":9,"34":1},"f":{"0":11,"1":8,"2":7,"3":6,"4":7,"5":9,"6":13},"b":{"0":[8],"1":[4,7],"2":[11,8],"3":[4,0],"4":[4,3],"5":[1],"6":[1],"7":[3,5],"8":[8,6],"9":[3,4],"10":[2,2],"11":[3,3],"12":[1,2],"13":[4,3],"14":[7,4],"15":[5,4],"16":[9,5],"17":[11],"18":[4,9],"19":[13,10]},"_coverageSchema":"1a1c01bbd47fc00a2c39e90264f33305004495a9","hash":"53f1619a4bd56bd9e83485f6a861c8040078369e"}
,"C:\\Users\\Public\\Workspace\\clone\\Quest-Final\\Jest-test\\src\\utils\\validation.js": {"path":"C:\\Users\\Public\\Workspace\\clone\\Quest-Final\\Jest-test\\src\\utils\\validation.js","statementMap":{"0":{"start":{"line":11,"column":2},"end":{"line":13,"column":3}},"1":{"start":{"line":12,"column":4},"end":{"line":12,"column":17}},"2":{"start":{"line":16,"column":21},"end":{"line":16,"column":49}},"3":{"start":{"line":19,"column":2},"end":{"line":21,"column":3}},"4":{"start":{"line":20,"column":4},"end":{"line":20,"column":17}},"5":{"start":{"line":24,"column":2},"end":{"line":26,"column":3}},"6":{"start":{"line":25,"column":4},"end":{"line":25,"column":17}},"7":{"start":{"line":29,"column":2},"end":{"line":31,"column":3}},"8":{"start":{"line":30,"column":4},"end":{"line":30,"column":17}},"9":{"start":{"line":34,"column":2},"end":{"line":36,"column":3}},"10":{"start":{"line":35,"column":4},"end":{"line":35,"column":17}},"11":{"start":{"line":39,"column":16},"end":{"line":39,"column":32}},"12":{"start":{"line":40,"column":2},"end":{"line":40,"column":39}},"13":{"start":{"line":40,"column":26},"end":{"line":40,"column":39}},"14":{"start":{"line":42,"column":17},"end":{"line":42,"column":25}},"15":{"start":{"line":43,"column":19},"end":{"line":43,"column":36}},"16":{"start":{"line":44,"column":14},"end":{"line":44,"column":43}},"17":{"start":{"line":46,"column":2},"end":{"line":46,"column":32}},"18":{"start":{"line":55,"column":17},"end":{"line":55,"column":19}},"19":{"start":{"line":57,"column":2},"end":{"line":59,"column":3}},"20":{"start":{"line":58,"column":4},"end":{"line":58,"column":63}},"21":{"start":{"line":61,"column":2},"end":{"line":63,"column":3}},"22":{"start":{"line":62,"column":4},"end":{"line":62,"column":58}},"23":{"start":{"line":65,"column":2},"end":{"line":67,"column":3}},"24":{"start":{"line":66,"column":4},"end":{"line":66,"column":59}},"25":{"start":{"line":69,"column":2},"end":{"line":71,"column":3}},"26":{"start":{"line":70,"column":4},"end":{"line":70,"column":68}},"27":{"start":{"line":73,"column":2},"end":{"line":75,"column":3}},"28":{"start":{"line":74,"column":4},"end":{"line":74,"column":68}},"29":{"start":{"line":77,"column":2},"end":{"line":79,"column":3}},"30":{"start":{"line":78,"column":4},"end":{"line":78,"column":58}},"31":{"start":{"line":81,"column":2},"end":{"line":84,"column":4}},"32":{"start":{"line":93,"column":2},"end":{"line":95,"column":3}},"33":{"start":{"line":94,"column":4},"end":{"line":94,"column":17}},"34":{"start":{"line":97,"column":22},"end":{"line":97,"column":33}},"35":{"start":{"line":100,"column":2},"end":{"line":102,"column":3}},"36":{"start":{"line":101,"column":4},"end":{"line":101,"column":17}},"37":{"start":{"line":105,"column":2},"end":{"line":107,"column":3}},"38":{"start":{"line":106,"column":4},"end":{"line":106,"column":17}},"39":{"start":{"line":110,"column":20},"end":{"line":110,"column":41}},"40":{"start":{"line":111,"column":2},"end":{"line":111,"column":37}},"41":{"start":{"line":121,"column":2},"end":{"line":121,"column":38}},"42":{"start":{"line":124,"column":0},"end":{"line":129,"column":2}}},"fnMap":{"0":{"name":"validateEmail","decl":{"start":{"line":10,"column":9},"end":{"line":10,"column":22}},"loc":{"start":{"line":10,"column":30},"end":{"line":47,"column":1}},"line":10},"1":{"name":"validatePassword","decl":{"start":{"line":54,"column":9},"end":{"line":54,"column":25}},"loc":{"start":{"line":54,"column":36},"end":{"line":85,"column":1}},"line":54},"2":{"name":"validateName","decl":{"start":{"line":92,"column":9},"end":{"line":92,"column":21}},"loc":{"start":{"line":92,"column":28},"end":{"line":112,"column":1}},"line":92},"3":{"name":"validatePasswordConfirmation","decl":{"start":{"line":120,"column":9},"end":{"line":120,"column":37}},"loc":{"start":{"line":120,"column":65},"end":{"line":122,"column":1}},"line":120}},"branchMap":{"0":{"loc":{"start":{"line":11,"column":2},"end":{"line":13,"column":3}},"type":"if","locations":[{"start":{"line":11,"column":2},"end":{"line":13,"column":3}},{"start":{},"end":{}}],"line":11},"1":{"loc":{"start":{"line":11,"column":6},"end":{"line":11,"column":41}},"type":"binary-expr","locations":[{"start":{"line":11,"column":6},"end":{"line":11,"column":12}},{"start":{"line":11,"column":16},"end":{"line":11,"column":41}}],"line":11},"2":{"loc":{"start":{"line":19,"column":2},"end":{"line":21,"column":3}},"type":"if","locations":[{"start":{"line":19,"column":2},"end":{"line":21,"column":3}},{"start":{},"end":{}}],"line":19},"3":{"loc":{"start":{"line":19,"column":6},"end":{"line":19,"column":50}},"type":"binary-expr","locations":[{"start":{"line":19,"column":6},"end":{"line":19,"column":27}},{"start":{"line":19,"column":31},"end":{"line":19,"column":50}}],"line":19},"4":{"loc":{"start":{"line":24,"column":2},"end":{"line":26,"column":3}},"type":"if","locations":[{"start":{"line":24,"column":2},"end":{"line":26,"column":3}},{"start":{},"end":{}}],"line":24},"5":{"loc":{"start":{"line":29,"column":2},"end":{"line":31,"column":3}},"type":"if","locations":[{"start":{"line":29,"column":2},"end":{"line":31,"column":3}},{"start":{},"end":{}}],"line":29},"6":{"loc":{"start":{"line":29,"column":6},"end":{"line":29,"column":50}},"type":"binary-expr","locations":[{"start":{"line":29,"column":6},"end":{"line":29,"column":26}},{"start":{"line":29,"column":30},"end":{"line":29,"column":50}}],"line":29},"7":{"loc":{"start":{"line":34,"column":2},"end":{"line":36,"column":3}},"type":"if","locations":[{"start":{"line":34,"column":2},"end":{"line":36,"column":3}},{"start":{},"end":{}}],"line":34},"8":{"loc":{"start":{"line":40,"column":2},"end":{"line":40,"column":39}},"type":"if","locations":[{"start":{"line":40,"column":2},"end":{"line":40,"column":39}},{"start":{},"end":{}}],"line":40},"9":{"loc":{"start":{"line":46,"column":9},"end":{"line":46,"column":31}},"type":"binary-expr","locations":[{"start":{"line":46,"column":9},"end":{"line":46,"column":12}},{"start":{"line":46,"column":16},"end":{"line":46,"column":31}}],"line":46},"10":{"loc":{"start":{"line":57,"column":2},"end":{"line":59,"column":3}},"type":"if","locations":[{"start":{"line":57,"column":2},"end":{"line":59,"column":3}},{"start":{},"end":{}}],"line":57},"11":{"loc":{"start":{"line":57,"column":6},"end":{"line":57,"column":47}},"type":"binary-expr","locations":[{"start":{"line":57,"column":6},"end":{"line":57,"column":15}},{"start":{"line":57,"column":19},"end":{"line":57,"column":47}}],"line":57},"12":{"loc":{"start":{"line":61,"column":2},"end":{"line":63,"column":3}},"type":"if","locations":[{"start":{"line":61,"column":2},"end":{"line":63,"column":3}},{"start":{},"end":{}}],"line":61},"13":{"loc":{"start":{"line":65,"column":2},"end":{"line":67,"column":3}},"type":"if","locations":[{"start":{"line":65,"column":2},"end":{"line":67,"column":3}},{"start":{},"end":{}}],"line":65},"14":{"loc":{"start":{"line":69,"column":2},"end":{"line":71,"column":3}},"type":"if","locations":[{"start":{"line":69,"column":2},"end":{"line":71,"column":3}},{"start":{},"end":{}}],"line":69},"15":{"loc":{"start":{"line":73,"column":2},"end":{"line":75,"column":3}},"type":"if","locations":[{"start":{"line":73,"column":2},"end":{"line":75,"column":3}},{"start":{},"end":{}}],"line":73},"16":{"loc":{"start":{"line":77,"column":2},"end":{"line":79,"column":3}},"type":"if","locations":[{"start":{"line":77,"column":2},"end":{"line":79,"column":3}},{"start":{},"end":{}}],"line":77},"17":{"loc":{"start":{"line":93,"column":2},"end":{"line":95,"column":3}},"type":"if","locations":[{"start":{"line":93,"column":2},"end":{"line":95,"column":3}},{"start":{},"end":{}}],"line":93},"18":{"loc":{"start":{"line":93,"column":6},"end":{"line":93,"column":39}},"type":"binary-expr","locations":[{"start":{"line":93,"column":6},"end":{"line":93,"column":11}},{"start":{"line":93,"column":15},"end":{"line":93,"column":39}}],"line":93},"19":{"loc":{"start":{"line":100,"column":2},"end":{"line":102,"column":3}},"type":"if","locations":[{"start":{"line":100,"column":2},"end":{"line":102,"column":3}},{"start":{},"end":{}}],"line":100},"20":{"loc":{"start":{"line":105,"column":2},"end":{"line":107,"column":3}},"type":"if","locations":[{"start":{"line":105,"column":2},"end":{"line":107,"column":3}},{"start":{},"end":{}}],"line":105}},"s":{"0":20,"1":3,"2":17,"3":17,"4":2,"5":15,"6":1,"7":14,"8":2,"9":12,"10":6,"11":6,"12":6,"13":0,"14":6,"15":6,"16":6,"17":6,"18":13,"19":13,"20":4,"21":9,"22":2,"23":9,"24":0,"25":9,"26":3,"27":9,"28":2,"29":9,"30":2,"31":9,"32":19,"33":3,"34":16,"35":16,"36":2,"37":14,"38":1,"39":13,"40":13,"41":8,"42":1},"f":{"0":20,"1":13,"2":19,"3":8},"b":{"0":[3,17],"1":[20,17],"2":[2,15],"3":[17,16],"4":[1,14],"5":[2,12],"6":[14,13],"7":[6,6],"8":[0,6],"9":[6,6],"10":[4,9],"11":[13,10],"12":[2,7],"13":[0,9],"14":[3,6],"15":[2,7],"16":[2,7],"17":[3,16],"18":[19,16],"19":[2,14],"20":[1,13]},"_coverageSchema":"1a1c01bbd47fc00a2c39e90264f33305004495a9","hash":"189cb019d55bd54e10d8dad5d6ce6816e4d65d01"}
}
