TN:
SF:src\sum.js
FN:2,sum
FNF:1
FNH:1
FNDA:1,sum
DA:3,1
DA:6,1
LF:2
LH:2
BRF:0
BRH:0
end_of_record
TN:
SF:src\utils\api.js
FN:10,createAuthHeaders
FN:27,formatApiError
FN:71,isValidApiResponse
FN:84,createRegisterPayload
FN:99,createLoginPayload
FN:113,extractUserData
FN:134,isValidToken
FN:169,mockApiCall
FN:170,(anonymous_8)
FN:172,(anonymous_9)
FNF:10
FNH:10
FNDA:4,createAuthHeaders
FNDA:9,formatApiError
FNDA:17,isValidApiResponse
FNDA:3,createRegisterPayload
FNDA:2,createLoginPayload
FNDA:7,extractUserData
FNDA:13,isValidToken
FNDA:5,mockApiCall
FNDA:5,(anonymous_8)
FNDA:5,(anonymous_9)
DA:11,4
DA:15,4
DA:16,1
DA:19,4
DA:28,9
DA:31,7
DA:32,5
DA:35,5
DA:37,1
DA:39,1
DA:41,0
DA:43,1
DA:45,1
DA:47,0
DA:49,1
DA:51,0
DA:53,0
DA:58,2
DA:59,1
DA:63,1
DA:72,17
DA:73,6
DA:76,11
DA:85,3
DA:87,3
DA:100,2
DA:102,2
DA:114,7
DA:115,3
DA:118,4
DA:119,4
DA:120,3
DA:123,1
DA:135,13
DA:136,4
DA:139,9
DA:141,9
DA:142,9
DA:143,3
DA:147,6
DA:150,3
DA:151,1
DA:154,2
DA:157,2
DA:159,3
DA:170,5
DA:172,5
DA:173,5
DA:174,2
DA:176,2
DA:177,1
DA:185,1
DA:192,3
DA:193,2
DA:201,1
DA:212,1
LF:56
LH:52
BRDA:15,0,0,1
BRDA:15,0,1,3
BRDA:28,1,0,2
BRDA:28,1,1,7
BRDA:31,2,0,5
BRDA:31,2,1,2
BRDA:35,3,0,1
BRDA:35,3,1,1
BRDA:35,3,2,0
BRDA:35,3,3,1
BRDA:35,3,4,1
BRDA:35,3,5,0
BRDA:35,3,6,1
BRDA:35,3,7,0
BRDA:35,3,8,0
BRDA:37,4,0,1
BRDA:37,4,1,0
BRDA:45,5,0,1
BRDA:45,5,1,0
BRDA:47,6,0,0
BRDA:47,6,1,0
BRDA:53,7,0,0
BRDA:53,7,1,0
BRDA:58,8,0,1
BRDA:58,8,1,1
BRDA:58,9,0,2
BRDA:58,9,1,1
BRDA:63,10,0,1
BRDA:63,10,1,0
BRDA:72,11,0,6
BRDA:72,11,1,11
BRDA:72,12,0,17
BRDA:72,12,1,13
BRDA:114,13,0,3
BRDA:114,13,1,4
BRDA:114,14,0,7
BRDA:114,14,1,5
BRDA:119,15,0,3
BRDA:119,15,1,1
BRDA:119,16,0,4
BRDA:119,16,1,4
BRDA:119,16,2,2
BRDA:135,17,0,4
BRDA:135,17,1,9
BRDA:135,18,0,13
BRDA:135,18,1,10
BRDA:142,19,0,3
BRDA:142,19,1,6
BRDA:150,20,0,1
BRDA:150,20,1,2
BRDA:169,21,0,3
BRDA:173,22,0,2
BRDA:173,22,1,3
BRDA:173,23,0,5
BRDA:173,23,1,2
BRDA:176,24,0,1
BRDA:176,24,1,1
BRDA:176,25,0,2
BRDA:176,25,1,1
BRDA:192,26,0,2
BRDA:192,26,1,1
BRF:61
BRH:50
end_of_record
TN:
SF:src\utils\formatting.js
FN:11,formatPrice
FN:26,calculateTotal
FN:39,formatDate
FN:66,formatTime
FN:92,formatSeats
FN:98,(anonymous_5)
FN:113,sanitizeText
FNF:7
FNH:7
FNDA:11,formatPrice
FNDA:8,calculateTotal
FNDA:7,formatDate
FNDA:6,formatTime
FNDA:7,formatSeats
FNDA:9,(anonymous_5)
FNDA:13,sanitizeText
DA:12,11
DA:13,4
DA:16,7
DA:17,7
DA:27,8
DA:28,3
DA:31,5
DA:40,7
DA:42,4
DA:43,4
DA:44,4
DA:45,2
DA:48,2
DA:55,2
DA:57,0
DA:67,6
DA:69,3
DA:70,3
DA:71,3
DA:72,1
DA:75,2
DA:81,2
DA:83,0
DA:93,7
DA:94,4
DA:97,3
DA:99,9
DA:100,5
DA:102,4
DA:114,13
DA:115,4
DA:118,9
DA:124,1
LF:33
LH:31
BRDA:11,0,0,8
BRDA:12,1,0,4
BRDA:12,1,1,7
BRDA:12,2,0,11
BRDA:12,2,1,8
BRDA:13,3,0,4
BRDA:13,3,1,0
BRDA:17,4,0,4
BRDA:17,4,1,3
BRDA:26,5,0,1
BRDA:26,6,0,1
BRDA:27,7,0,3
BRDA:27,7,1,5
BRDA:27,8,0,8
BRDA:27,8,1,6
BRDA:40,9,0,3
BRDA:40,9,1,4
BRDA:44,10,0,2
BRDA:44,10,1,2
BRDA:67,11,0,3
BRDA:67,11,1,3
BRDA:71,12,0,1
BRDA:71,12,1,2
BRDA:93,13,0,4
BRDA:93,13,1,3
BRDA:93,14,0,7
BRDA:93,14,1,4
BRDA:99,15,0,5
BRDA:99,15,1,4
BRDA:99,16,0,9
BRDA:99,16,1,5
BRDA:113,17,0,11
BRDA:114,18,0,4
BRDA:114,18,1,9
BRDA:114,19,0,13
BRDA:114,19,1,10
BRF:36
BRH:35
end_of_record
TN:
SF:src\utils\validation.js
FN:10,validateEmail
FN:54,validatePassword
FN:92,validateName
FN:120,validatePasswordConfirmation
FNF:4
FNH:4
FNDA:20,validateEmail
FNDA:13,validatePassword
FNDA:19,validateName
FNDA:8,validatePasswordConfirmation
DA:11,20
DA:12,3
DA:16,17
DA:19,17
DA:20,2
DA:24,15
DA:25,1
DA:29,14
DA:30,2
DA:34,12
DA:35,6
DA:39,6
DA:40,6
DA:42,6
DA:43,6
DA:44,6
DA:46,6
DA:55,13
DA:57,13
DA:58,4
DA:61,9
DA:62,2
DA:65,9
DA:66,0
DA:69,9
DA:70,3
DA:73,9
DA:74,2
DA:77,9
DA:78,2
DA:81,9
DA:93,19
DA:94,3
DA:97,16
DA:100,16
DA:101,2
DA:105,14
DA:106,1
DA:110,13
DA:111,13
DA:121,8
DA:124,1
LF:42
LH:41
BRDA:11,0,0,3
BRDA:11,0,1,17
BRDA:11,1,0,20
BRDA:11,1,1,17
BRDA:19,2,0,2
BRDA:19,2,1,15
BRDA:19,3,0,17
BRDA:19,3,1,16
BRDA:24,4,0,1
BRDA:24,4,1,14
BRDA:29,5,0,2
BRDA:29,5,1,12
BRDA:29,6,0,14
BRDA:29,6,1,13
BRDA:34,7,0,6
BRDA:34,7,1,6
BRDA:40,8,0,0
BRDA:40,8,1,6
BRDA:46,9,0,6
BRDA:46,9,1,6
BRDA:57,10,0,4
BRDA:57,10,1,9
BRDA:57,11,0,13
BRDA:57,11,1,10
BRDA:61,12,0,2
BRDA:61,12,1,7
BRDA:65,13,0,0
BRDA:65,13,1,9
BRDA:69,14,0,3
BRDA:69,14,1,6
BRDA:73,15,0,2
BRDA:73,15,1,7
BRDA:77,16,0,2
BRDA:77,16,1,7
BRDA:93,17,0,3
BRDA:93,17,1,16
BRDA:93,18,0,19
BRDA:93,18,1,16
BRDA:100,19,0,2
BRDA:100,19,1,14
BRDA:105,20,0,1
BRDA:105,20,1,13
BRF:42
BRH:40
end_of_record
